<?xml version="1.0" encoding="UTF-8"?>
<!-- Generated by org.testng.reporters.JUnitReportReporter -->
<testsuite hostname="LAPTOP-DN31N8B6" failures="0" tests="4" name="Scenarios.Scenario3" time="3.087" errors="0" timestamp="2021-02-26T11:40:05 IST" skipped="0">
  <testcase classname="Scenarios.Scenario3" name="test1" time="0.513"/>
  <system-out/>
  <testcase classname="Scenarios.Scenario3" name="test2" time="1.067"/>
  <system-out/>
  <testcase classname="Scenarios.Scenario3" name="test3" time="0.510"/>
  <system-out/>
  <testcase classname="Scenarios.Scenario3" name="test4" time="0.997"/>
  <system-out/>
</testsuite> <!-- Scenarios.Scenario3 -->
