<?xml version="1.0" encoding="UTF-8"?>
<!-- Generated by org.testng.reporters.JUnitReportReporter -->
<testsuite hostname="LAPTOP-DN31N8B6" failures="0" tests="4" name="Scenarios.Scenario3" time="2.750" errors="0" timestamp="2021-02-26T12:53:29 IST" skipped="0">
  <testcase classname="Scenarios.Scenario3" name="test1" time="0.371"/>
  <system-out/>
  <testcase classname="Scenarios.Scenario3" name="test2" time="0.957"/>
  <system-out/>
  <testcase classname="Scenarios.Scenario3" name="test3" time="0.475"/>
  <system-out/>
  <testcase classname="Scenarios.Scenario3" name="test4" time="0.947"/>
  <system-out/>
</testsuite> <!-- Scenarios.Scenario3 -->
